  [1m[35m (23.1ms)[0m  [1m[34mSELECT sqlite_version(*)[0m
  [1m[35m (27.1ms)[0m  [1m[35mCREATE TABLE "schema_migrations" ("version" varchar NOT NULL PRIMARY KEY)[0m
  [1m[35m (10.5ms)[0m  [1m[35mCREATE TABLE "ar_internal_metadata" ("key" varchar NOT NULL PRIMARY KEY, "value" varchar, "created_at" datetime(6) NOT NULL, "updated_at" datetime(6) NOT NULL)[0m
  [1m[35m (0.4ms)[0m  [1m[34mSELECT "schema_migrations"."version" FROM "schema_migrations" ORDER BY "schema_migrations"."version" ASC[0m
Migrating to CreateMeditations (20210125172902)
  [1m[35m (0.1ms)[0m  [1m[36mbegin transaction[0m
  [1m[35m (1.4ms)[0m  [1m[35mCREATE TABLE "meditations" ("id" integer PRIMARY KEY AUTOINCREMENT NOT NULL, "title" varchar, "duration" varchar, "created_at" datetime(6) NOT NULL, "updated_at" datetime(6) NOT NULL)[0m
  [1m[36mprimary::SchemaMigration Create (0.3ms)[0m  [1m[32mINSERT INTO "schema_migrations" ("version") VALUES (?)[0m  [["version", "20210125172902"]]
  [1m[35m (11.1ms)[0m  [1m[36mcommit transaction[0m
Migrating to CreateRatings (20210125172919)
  [1m[35m (0.1ms)[0m  [1m[36mbegin transaction[0m
  [1m[35m (2.5ms)[0m  [1m[35mCREATE TABLE "ratings" ("id" integer PRIMARY KEY AUTOINCREMENT NOT NULL, "rating" integer, "meditation_id" integer NOT NULL, "created_at" datetime(6) NOT NULL, "updated_at" datetime(6) NOT NULL, CONSTRAINT "fk_rails_3da2ab1798"
FOREIGN KEY ("meditation_id")
  REFERENCES "meditations" ("id")
)[0m
  [1m[35m (0.3ms)[0m  [1m[35mCREATE  INDEX "index_ratings_on_meditation_id" ON "ratings" ("meditation_id")[0m
  [1m[36mprimary::SchemaMigration Create (0.3ms)[0m  [1m[32mINSERT INTO "schema_migrations" ("version") VALUES (?)[0m  [["version", "20210125172919"]]
  [1m[35m (13.5ms)[0m  [1m[36mcommit transaction[0m
  [1m[36mActiveRecord::InternalMetadata Load (0.6ms)[0m  [1m[34mSELECT "ar_internal_metadata".* FROM "ar_internal_metadata" WHERE "ar_internal_metadata"."key" = ? LIMIT ?[0m  [["key", "environment"], ["LIMIT", 1]]
  [1m[35m (0.1ms)[0m  [1m[36mbegin transaction[0m
  [1m[36mActiveRecord::InternalMetadata Create (1.3ms)[0m  [1m[32mINSERT INTO "ar_internal_metadata" ("key", "value", "created_at", "updated_at") VALUES (?, ?, ?, ?)[0m  [["key", "environment"], ["value", "development"], ["created_at", "2021-01-25 17:35:36.031609"], ["updated_at", "2021-01-25 17:35:36.031609"]]
  [1m[35m (12.8ms)[0m  [1m[36mcommit transaction[0m
  [1m[35m (0.1ms)[0m  [1m[34mSELECT sqlite_version(*)[0m
  [1m[35m (0.4ms)[0m  [1m[34mSELECT "schema_migrations"."version" FROM "schema_migrations" ORDER BY "schema_migrations"."version" ASC[0m
Started GET "/" for ::1 at 2021-01-25 13:07:13 -0600
  [1m[35m (2.3ms)[0m  [1m[34mSELECT sqlite_version(*)[0m
  [1m[35m (2.8ms)[0m  [1m[34mSELECT "schema_migrations"."version" FROM "schema_migrations" ORDER BY "schema_migrations"."version" ASC[0m
Processing by Rails::WelcomeController#index as HTML
  Rendering /home/jess/.rvm/gems/ruby-2.6.1/gems/railties-6.0.3.4/lib/rails/templates/rails/welcome/index.html.erb
  Rendered /home/jess/.rvm/gems/ruby-2.6.1/gems/railties-6.0.3.4/lib/rails/templates/rails/welcome/index.html.erb (Duration: 109.9ms | Allocations: 479)
Completed 200 OK in 299ms (Views: 201.6ms | ActiveRecord: 0.0ms | Allocations: 2618)


Started GET "/favicon.ico" for ::1 at 2021-01-25 13:07:15 -0600
  [1m[35m (0.1ms)[0m  [1m[34mSELECT sqlite_version(*)[0m
  
ActionController::RoutingError (No route matches [GET] "/favicon.ico"):
  
actionpack (6.0.3.4) lib/action_dispatch/middleware/debug_exceptions.rb:36:in `call'
actionpack (6.0.3.4) lib/action_dispatch/middleware/show_exceptions.rb:33:in `call'
railties (6.0.3.4) lib/rails/rack/logger.rb:37:in `call_app'
railties (6.0.3.4) lib/rails/rack/logger.rb:26:in `block in call'
activesupport (6.0.3.4) lib/active_support/tagged_logging.rb:80:in `block in tagged'
activesupport (6.0.3.4) lib/active_support/tagged_logging.rb:28:in `tagged'
activesupport (6.0.3.4) lib/active_support/tagged_logging.rb:80:in `tagged'
railties (6.0.3.4) lib/rails/rack/logger.rb:26:in `call'
actionpack (6.0.3.4) lib/action_dispatch/middleware/remote_ip.rb:81:in `call'
actionpack (6.0.3.4) lib/action_dispatch/middleware/request_id.rb:27:in `call'
rack (2.2.3) lib/rack/runtime.rb:22:in `call'
activesupport (6.0.3.4) lib/active_support/cache/strategy/local_cache_middleware.rb:29:in `call'
actionpack (6.0.3.4) lib/action_dispatch/middleware/executor.rb:14:in `call'
actionpack (6.0.3.4) lib/action_dispatch/middleware/static.rb:126:in `call'
rack (2.2.3) lib/rack/sendfile.rb:110:in `call'
actionpack (6.0.3.4) lib/action_dispatch/middleware/host_authorization.rb:82:in `call'
rack-cors (1.1.1) lib/rack/cors.rb:100:in `call'
railties (6.0.3.4) lib/rails/engine.rb:527:in `call'
puma (4.3.7) lib/puma/configuration.rb:228:in `call'
puma (4.3.7) lib/puma/server.rb:713:in `handle_request'
puma (4.3.7) lib/puma/server.rb:472:in `process_client'
puma (4.3.7) lib/puma/server.rb:328:in `block in run'
puma (4.3.7) lib/puma/thread_pool.rb:134:in `block in spawn_thread'
Started GET "/" for ::1 at 2021-01-25 13:07:28 -0600
Processing by Rails::WelcomeController#index as HTML
  Rendering /home/jess/.rvm/gems/ruby-2.6.1/gems/railties-6.0.3.4/lib/rails/templates/rails/welcome/index.html.erb
  Rendered /home/jess/.rvm/gems/ruby-2.6.1/gems/railties-6.0.3.4/lib/rails/templates/rails/welcome/index.html.erb (Duration: 50.6ms | Allocations: 192)
Completed 200 OK in 67ms (Views: 63.9ms | ActiveRecord: 0.0ms | Allocations: 735)


Started GET "/" for ::1 at 2021-01-26 20:10:45 -0600
  [1m[35m (27.4ms)[0m  [1m[34mSELECT sqlite_version(*)[0m
  [1m[35m (0.8ms)[0m  [1m[34mSELECT "schema_migrations"."version" FROM "schema_migrations" ORDER BY "schema_migrations"."version" ASC[0m
Processing by Rails::WelcomeController#index as HTML
  Rendering /home/jess/.rvm/gems/ruby-2.6.1/gems/railties-6.0.3.4/lib/rails/templates/rails/welcome/index.html.erb
  Rendered /home/jess/.rvm/gems/ruby-2.6.1/gems/railties-6.0.3.4/lib/rails/templates/rails/welcome/index.html.erb (Duration: 90.9ms | Allocations: 316)
Completed 200 OK in 270ms (Views: 178.1ms | ActiveRecord: 0.0ms | Allocations: 1596)


Started GET "/meditation" for ::1 at 2021-01-26 20:11:14 -0600
  
ActionController::RoutingError (No route matches [GET] "/meditation"):
  
actionpack (6.0.3.4) lib/action_dispatch/middleware/debug_exceptions.rb:36:in `call'
actionpack (6.0.3.4) lib/action_dispatch/middleware/show_exceptions.rb:33:in `call'
railties (6.0.3.4) lib/rails/rack/logger.rb:37:in `call_app'
railties (6.0.3.4) lib/rails/rack/logger.rb:26:in `block in call'
activesupport (6.0.3.4) lib/active_support/tagged_logging.rb:80:in `block in tagged'
activesupport (6.0.3.4) lib/active_support/tagged_logging.rb:28:in `tagged'
activesupport (6.0.3.4) lib/active_support/tagged_logging.rb:80:in `tagged'
railties (6.0.3.4) lib/rails/rack/logger.rb:26:in `call'
actionpack (6.0.3.4) lib/action_dispatch/middleware/remote_ip.rb:81:in `call'
actionpack (6.0.3.4) lib/action_dispatch/middleware/request_id.rb:27:in `call'
rack (2.2.3) lib/rack/runtime.rb:22:in `call'
activesupport (6.0.3.4) lib/active_support/cache/strategy/local_cache_middleware.rb:29:in `call'
actionpack (6.0.3.4) lib/action_dispatch/middleware/executor.rb:14:in `call'
actionpack (6.0.3.4) lib/action_dispatch/middleware/static.rb:126:in `call'
rack (2.2.3) lib/rack/sendfile.rb:110:in `call'
actionpack (6.0.3.4) lib/action_dispatch/middleware/host_authorization.rb:82:in `call'
rack-cors (1.1.1) lib/rack/cors.rb:100:in `call'
railties (6.0.3.4) lib/rails/engine.rb:527:in `call'
puma (4.3.7) lib/puma/configuration.rb:228:in `call'
puma (4.3.7) lib/puma/server.rb:713:in `handle_request'
puma (4.3.7) lib/puma/server.rb:472:in `process_client'
puma (4.3.7) lib/puma/server.rb:328:in `block in run'
puma (4.3.7) lib/puma/thread_pool.rb:134:in `block in spawn_thread'
Started GET "/meditations" for ::1 at 2021-01-26 20:11:16 -0600
  
SyntaxError (/mnt/c/Users/jdn7d/pause/pause-backend/app/controllers/meditations_controller.rb:4: syntax error, unexpected [, expecting do or '{' or '('
...er json: meditations, include [:ratings]
...                              ^
/mnt/c/Users/jdn7d/pause/pause-backend/app/controllers/meditations_controller.rb:9: syntax error, unexpected [, expecting do or '{' or '('
...der json: meditation, include [:ratings]
...                              ^):
  
app/controllers/meditations_controller.rb:4: syntax error, unexpected [, expecting do or '{' or '('
app/controllers/meditations_controller.rb:9: syntax error, unexpected [, expecting do or '{' or '('
app/controllers/meditations_controller.rb:4: syntax error, unexpected [, expecting do or '{' or '('
app/controllers/meditations_controller.rb:9: syntax error, unexpected [, expecting do or '{' or '('
Started GET "/meditations" for ::1 at 2021-01-26 20:11:47 -0600
  [1m[35m (0.1ms)[0m  [1m[34mSELECT sqlite_version(*)[0m
  
SyntaxError (/mnt/c/Users/jdn7d/pause/pause-backend/app/controllers/meditations_controller.rb:9: syntax error, unexpected [, expecting do or '{' or '('
...der json: meditation, include [:ratings]
...                              ^):
  
app/controllers/meditations_controller.rb:9: syntax error, unexpected [, expecting do or '{' or '('
app/controllers/meditations_controller.rb:9: syntax error, unexpected [, expecting do or '{' or '('
Started GET "/meditations" for ::1 at 2021-01-26 20:12:03 -0600
  [1m[35m (0.3ms)[0m  [1m[34mSELECT sqlite_version(*)[0m
Processing by MeditationsController#index as HTML
  [1m[36mMeditation Load (1.3ms)[0m  [1m[34mSELECT "meditations".* FROM "meditations"[0m
  ↳ app/controllers/meditations_controller.rb:4:in `index'
Completed 200 OK in 302ms (Views: 6.6ms | ActiveRecord: 3.2ms | Allocations: 4599)


Started GET "/meditations" for ::1 at 2021-01-26 20:13:44 -0600
  [1m[35m (0.3ms)[0m  [1m[34mSELECT sqlite_version(*)[0m
Processing by MeditationsController#index as HTML
  [1m[36mMeditation Load (1.0ms)[0m  [1m[34mSELECT "meditations".* FROM "meditations"[0m
  ↳ app/controllers/meditations_controller.rb:4:in `index'
Completed 200 OK in 47ms (Views: 10.0ms | ActiveRecord: 24.9ms | Allocations: 2065)


Started GET "/" for ::1 at 2021-01-29 18:58:52 -0600
  [1m[35m (27.1ms)[0m  [1m[34mSELECT sqlite_version(*)[0m
  [1m[35m (0.7ms)[0m  [1m[34mSELECT "schema_migrations"."version" FROM "schema_migrations" ORDER BY "schema_migrations"."version" ASC[0m
Processing by Rails::WelcomeController#index as HTML
  Rendering /home/jess/.rvm/gems/ruby-2.6.1/gems/railties-6.0.3.4/lib/rails/templates/rails/welcome/index.html.erb
  Rendered /home/jess/.rvm/gems/ruby-2.6.1/gems/railties-6.0.3.4/lib/rails/templates/rails/welcome/index.html.erb (Duration: 99.2ms | Allocations: 316)
Completed 200 OK in 243ms (Views: 165.8ms | ActiveRecord: 0.0ms | Allocations: 1596)


Started GET "/meditation" for ::1 at 2021-01-29 18:58:54 -0600
  
ActionController::RoutingError (No route matches [GET] "/meditation"):
  
actionpack (6.0.3.4) lib/action_dispatch/middleware/debug_exceptions.rb:36:in `call'
actionpack (6.0.3.4) lib/action_dispatch/middleware/show_exceptions.rb:33:in `call'
railties (6.0.3.4) lib/rails/rack/logger.rb:37:in `call_app'
railties (6.0.3.4) lib/rails/rack/logger.rb:26:in `block in call'
activesupport (6.0.3.4) lib/active_support/tagged_logging.rb:80:in `block in tagged'
activesupport (6.0.3.4) lib/active_support/tagged_logging.rb:28:in `tagged'
activesupport (6.0.3.4) lib/active_support/tagged_logging.rb:80:in `tagged'
railties (6.0.3.4) lib/rails/rack/logger.rb:26:in `call'
actionpack (6.0.3.4) lib/action_dispatch/middleware/remote_ip.rb:81:in `call'
actionpack (6.0.3.4) lib/action_dispatch/middleware/request_id.rb:27:in `call'
rack (2.2.3) lib/rack/runtime.rb:22:in `call'
activesupport (6.0.3.4) lib/active_support/cache/strategy/local_cache_middleware.rb:29:in `call'
actionpack (6.0.3.4) lib/action_dispatch/middleware/executor.rb:14:in `call'
actionpack (6.0.3.4) lib/action_dispatch/middleware/static.rb:126:in `call'
rack (2.2.3) lib/rack/sendfile.rb:110:in `call'
actionpack (6.0.3.4) lib/action_dispatch/middleware/host_authorization.rb:82:in `call'
rack-cors (1.1.1) lib/rack/cors.rb:100:in `call'
railties (6.0.3.4) lib/rails/engine.rb:527:in `call'
puma (4.3.7) lib/puma/configuration.rb:228:in `call'
puma (4.3.7) lib/puma/server.rb:713:in `handle_request'
puma (4.3.7) lib/puma/server.rb:472:in `process_client'
puma (4.3.7) lib/puma/server.rb:328:in `block in run'
puma (4.3.7) lib/puma/thread_pool.rb:134:in `block in spawn_thread'
Started GET "/favicon.ico" for ::1 at 2021-01-29 18:58:55 -0600
  
ActionController::RoutingError (No route matches [GET] "/favicon.ico"):
  
actionpack (6.0.3.4) lib/action_dispatch/middleware/debug_exceptions.rb:36:in `call'
actionpack (6.0.3.4) lib/action_dispatch/middleware/show_exceptions.rb:33:in `call'
railties (6.0.3.4) lib/rails/rack/logger.rb:37:in `call_app'
railties (6.0.3.4) lib/rails/rack/logger.rb:26:in `block in call'
activesupport (6.0.3.4) lib/active_support/tagged_logging.rb:80:in `block in tagged'
activesupport (6.0.3.4) lib/active_support/tagged_logging.rb:28:in `tagged'
activesupport (6.0.3.4) lib/active_support/tagged_logging.rb:80:in `tagged'
railties (6.0.3.4) lib/rails/rack/logger.rb:26:in `call'
actionpack (6.0.3.4) lib/action_dispatch/middleware/remote_ip.rb:81:in `call'
actionpack (6.0.3.4) lib/action_dispatch/middleware/request_id.rb:27:in `call'
rack (2.2.3) lib/rack/runtime.rb:22:in `call'
activesupport (6.0.3.4) lib/active_support/cache/strategy/local_cache_middleware.rb:29:in `call'
actionpack (6.0.3.4) lib/action_dispatch/middleware/executor.rb:14:in `call'
actionpack (6.0.3.4) lib/action_dispatch/middleware/static.rb:126:in `call'
rack (2.2.3) lib/rack/sendfile.rb:110:in `call'
actionpack (6.0.3.4) lib/action_dispatch/middleware/host_authorization.rb:82:in `call'
rack-cors (1.1.1) lib/rack/cors.rb:100:in `call'
railties (6.0.3.4) lib/rails/engine.rb:527:in `call'
puma (4.3.7) lib/puma/configuration.rb:228:in `call'
puma (4.3.7) lib/puma/server.rb:713:in `handle_request'
puma (4.3.7) lib/puma/server.rb:472:in `process_client'
puma (4.3.7) lib/puma/server.rb:328:in `block in run'
puma (4.3.7) lib/puma/thread_pool.rb:134:in `block in spawn_thread'
Started GET "/" for ::1 at 2021-01-29 19:08:06 -0600
  [1m[35m (2.6ms)[0m  [1m[34mSELECT sqlite_version(*)[0m
  [1m[35m (0.8ms)[0m  [1m[34mSELECT "schema_migrations"."version" FROM "schema_migrations" ORDER BY "schema_migrations"."version" ASC[0m
Processing by Rails::WelcomeController#index as HTML
  Rendering /home/jess/.rvm/gems/ruby-2.6.1/gems/railties-6.0.3.4/lib/rails/templates/rails/welcome/index.html.erb
  Rendered /home/jess/.rvm/gems/ruby-2.6.1/gems/railties-6.0.3.4/lib/rails/templates/rails/welcome/index.html.erb (Duration: 20.2ms | Allocations: 316)
Completed 200 OK in 34ms (Views: 27.5ms | ActiveRecord: 0.0ms | Allocations: 1596)


Started GET "/meditations" for ::1 at 2021-01-29 19:08:14 -0600
Processing by MeditationsController#index as HTML
  [1m[36mMeditation Load (0.8ms)[0m  [1m[34mSELECT "meditations".* FROM "meditations"[0m
  ↳ app/controllers/meditations_controller.rb:4:in `index'
Completed 200 OK in 183ms (Views: 6.3ms | ActiveRecord: 3.4ms | Allocations: 2362)


Started GET "/meditations" for ::1 at 2021-01-29 19:09:45 -0600
Processing by MeditationsController#index as HTML
  [1m[36mMeditation Load (0.6ms)[0m  [1m[34mSELECT "meditations".* FROM "meditations"[0m
  ↳ app/controllers/meditations_controller.rb:4:in `index'
Completed 200 OK in 7ms (Views: 5.7ms | ActiveRecord: 0.6ms | Allocations: 804)


  [1m[35m (1.5ms)[0m  [1m[34mSELECT sqlite_version(*)[0m
  [1m[35m (0.9ms)[0m  [1m[34mSELECT "schema_migrations"."version" FROM "schema_migrations" ORDER BY "schema_migrations"."version" ASC[0m
  [1m[35m (1.7ms)[0m  [1m[34mSELECT sqlite_version(*)[0m
  [1m[35m (0.5ms)[0m  [1m[34mSELECT "schema_migrations"."version" FROM "schema_migrations" ORDER BY "schema_migrations"."version" ASC[0m
  [1m[35m (1.2ms)[0m  [1m[34mSELECT sqlite_version(*)[0m
  [1m[35m (0.5ms)[0m  [1m[34mSELECT "schema_migrations"."version" FROM "schema_migrations" ORDER BY "schema_migrations"."version" ASC[0m
  [1m[35m (0.3ms)[0m  [1m[34mSELECT sqlite_version(*)[0m
  [1m[36mMeditation Destroy (3.8ms)[0m  [1m[31mDELETE FROM "meditations"[0m
  [1m[35m (0.2ms)[0m  [1m[36mbegin transaction[0m
  [1m[36mMeditation Create (3.1ms)[0m  [1m[32mINSERT INTO "meditations" ("title", "duration", "created_at", "updated_at") VALUES (?, ?, ?, ?)[0m  [["title", "Stress Relief"], ["duration", "3"], ["created_at", "2021-01-30 01:15:32.338880"], ["updated_at", "2021-01-30 01:15:32.338880"]]
  [1m[35m (18.5ms)[0m  [1m[36mcommit transaction[0m
  [1m[35m (0.2ms)[0m  [1m[36mbegin transaction[0m
  [1m[36mMeditation Create (2.2ms)[0m  [1m[32mINSERT INTO "meditations" ("title", "duration", "created_at", "updated_at") VALUES (?, ?, ?, ?)[0m  [["title", "Handling Anxiety"], ["duration", "5"], ["created_at", "2021-01-30 01:15:32.377689"], ["updated_at", "2021-01-30 01:15:32.377689"]]
  [1m[35m (16.1ms)[0m  [1m[36mcommit transaction[0m
  [1m[35m (0.2ms)[0m  [1m[36mbegin transaction[0m
  [1m[36mMeditation Create (2.3ms)[0m  [1m[32mINSERT INTO "meditations" ("title", "duration", "created_at", "updated_at") VALUES (?, ?, ?, ?)[0m  [["title", "Pain Management"], ["duration", "3"], ["created_at", "2021-01-30 01:15:32.409843"], ["updated_at", "2021-01-30 01:15:32.409843"]]
  [1m[35m (14.5ms)[0m  [1m[36mcommit transaction[0m
  [1m[35m (0.1ms)[0m  [1m[36mbegin transaction[0m
  [1m[36mMeditation Create (1.9ms)[0m  [1m[32mINSERT INTO "meditations" ("title", "duration", "created_at", "updated_at") VALUES (?, ?, ?, ?)[0m  [["title", "Affirmations"], ["duration", "3"], ["created_at", "2021-01-30 01:15:32.440094"], ["updated_at", "2021-01-30 01:15:32.440094"]]
  [1m[35m (12.6ms)[0m  [1m[36mcommit transaction[0m
  [1m[35m (0.1ms)[0m  [1m[36mbegin transaction[0m
  [1m[36mMeditation Create (2.3ms)[0m  [1m[32mINSERT INTO "meditations" ("title", "duration", "created_at", "updated_at") VALUES (?, ?, ?, ?)[0m  [["title", "Breathe"], ["duration", "1"], ["created_at", "2021-01-30 01:15:32.465709"], ["updated_at", "2021-01-30 01:15:32.465709"]]
  [1m[35m (15.6ms)[0m  [1m[36mcommit transaction[0m
Started GET "/meditations" for ::1 at 2021-01-29 19:15:38 -0600
  [1m[35m (0.1ms)[0m  [1m[34mSELECT sqlite_version(*)[0m
Processing by MeditationsController#index as HTML
  [1m[36mMeditation Load (0.5ms)[0m  [1m[34mSELECT "meditations".* FROM "meditations"[0m
  ↳ app/controllers/meditations_controller.rb:4:in `index'
Completed 200 OK in 40ms (Views: 35.2ms | ActiveRecord: 4.6ms | Allocations: 4811)


Started GET "/meditations" for ::1 at 2021-01-29 19:21:17 -0600
  [1m[35m (0.3ms)[0m  [1m[34mSELECT sqlite_version(*)[0m
Processing by MeditationsController#index as HTML
  [1m[36mMeditation Load (3.2ms)[0m  [1m[34mSELECT "meditations".* FROM "meditations"[0m
  ↳ app/controllers/meditations_controller.rb:4:in `index'
Completed 200 OK in 20ms (Views: 15.6ms | ActiveRecord: 3.2ms | Allocations: 1486)


Started GET "/meditations" for ::1 at 2021-01-29 20:11:47 -0600
  [1m[35m (0.4ms)[0m  [1m[34mSELECT sqlite_version(*)[0m
Processing by MeditationsController#index as HTML
  [1m[36mMeditation Load (1.8ms)[0m  [1m[34mSELECT "meditations".* FROM "meditations"[0m
  ↳ app/controllers/meditations_controller.rb:4:in `index'
Completed 200 OK in 21ms (Views: 14.6ms | ActiveRecord: 1.8ms | Allocations: 2091)


Started GET "/meditations" for ::1 at 2021-01-29 20:13:06 -0600
  [1m[35m (2.2ms)[0m  [1m[34mSELECT sqlite_version(*)[0m
  [1m[35m (0.8ms)[0m  [1m[34mSELECT "schema_migrations"."version" FROM "schema_migrations" ORDER BY "schema_migrations"."version" ASC[0m
Processing by MeditationsController#index as HTML
  [1m[36mMeditation Load (0.9ms)[0m  [1m[34mSELECT "meditations".* FROM "meditations"[0m
  ↳ app/controllers/meditations_controller.rb:4:in `index'
Completed 200 OK in 36ms (Views: 22.0ms | ActiveRecord: 3.8ms | Allocations: 6343)


Started GET "/meditations" for ::1 at 2021-01-29 20:20:12 -0600
  [1m[35m (0.2ms)[0m  [1m[34mSELECT sqlite_version(*)[0m
Processing by MeditationsController#index as HTML
  [1m[36mMeditation Load (1.3ms)[0m  [1m[34mSELECT "meditations".* FROM "meditations"[0m
  ↳ app/controllers/meditations_controller.rb:4:in `index'
Completed 200 OK in 48ms (Views: 37.5ms | ActiveRecord: 1.3ms | Allocations: 5508)


Started GET "/meditations" for ::1 at 2021-01-29 20:22:23 -0600
  [1m[35m (3.4ms)[0m  [1m[34mSELECT sqlite_version(*)[0m
  [1m[35m (1.1ms)[0m  [1m[34mSELECT "schema_migrations"."version" FROM "schema_migrations" ORDER BY "schema_migrations"."version" ASC[0m
Processing by MeditationsController#index as HTML
  [1m[36mMeditation Load (1.8ms)[0m  [1m[34mSELECT "meditations".* FROM "meditations"[0m
  ↳ app/controllers/meditations_controller.rb:4:in `index'
Completed 200 OK in 153ms (Views: 110.5ms | ActiveRecord: 24.3ms | Allocations: 6343)


  [1m[35m (5.1ms)[0m  [1m[34mSELECT sqlite_version(*)[0m
  [1m[36mMeditation Load (1.7ms)[0m  [1m[34mSELECT "meditations".* FROM "meditations" LIMIT ?[0m  [["LIMIT", 11]]
Started GET "/meditations" for ::1 at 2021-01-29 20:41:18 -0600
  [1m[35m (2.2ms)[0m  [1m[34mSELECT sqlite_version(*)[0m
  [1m[35m (1.0ms)[0m  [1m[34mSELECT "schema_migrations"."version" FROM "schema_migrations" ORDER BY "schema_migrations"."version" ASC[0m
Processing by MeditationsController#index as HTML
  [1m[36mMeditation Load (1.7ms)[0m  [1m[34mSELECT "meditations".* FROM "meditations"[0m
  ↳ app/controllers/meditations_controller.rb:4:in `index'
Completed 200 OK in 62ms (Views: 34.9ms | ActiveRecord: 8.2ms | Allocations: 6343)


Started GET "/meditations" for ::1 at 2021-01-29 20:47:52 -0600
  [1m[35m (0.3ms)[0m  [1m[34mSELECT sqlite_version(*)[0m
Processing by MeditationsController#index as HTML
  [1m[36mMeditation Load (1.0ms)[0m  [1m[34mSELECT "meditations".* FROM "meditations"[0m
  ↳ app/controllers/meditations_controller.rb:4:in `index'
Completed 200 OK in 11ms (Views: 9.8ms | ActiveRecord: 1.0ms | Allocations: 1497)


Started GET "/index" for ::1 at 2021-01-29 20:48:08 -0600
  
ActionController::RoutingError (No route matches [GET] "/index"):
  
actionpack (6.0.3.4) lib/action_dispatch/middleware/debug_exceptions.rb:36:in `call'
actionpack (6.0.3.4) lib/action_dispatch/middleware/show_exceptions.rb:33:in `call'
railties (6.0.3.4) lib/rails/rack/logger.rb:37:in `call_app'
railties (6.0.3.4) lib/rails/rack/logger.rb:26:in `block in call'
activesupport (6.0.3.4) lib/active_support/tagged_logging.rb:80:in `block in tagged'
activesupport (6.0.3.4) lib/active_support/tagged_logging.rb:28:in `tagged'
activesupport (6.0.3.4) lib/active_support/tagged_logging.rb:80:in `tagged'
railties (6.0.3.4) lib/rails/rack/logger.rb:26:in `call'
actionpack (6.0.3.4) lib/action_dispatch/middleware/remote_ip.rb:81:in `call'
actionpack (6.0.3.4) lib/action_dispatch/middleware/request_id.rb:27:in `call'
rack (2.2.3) lib/rack/runtime.rb:22:in `call'
activesupport (6.0.3.4) lib/active_support/cache/strategy/local_cache_middleware.rb:29:in `call'
actionpack (6.0.3.4) lib/action_dispatch/middleware/executor.rb:14:in `call'
actionpack (6.0.3.4) lib/action_dispatch/middleware/static.rb:126:in `call'
rack (2.2.3) lib/rack/sendfile.rb:110:in `call'
actionpack (6.0.3.4) lib/action_dispatch/middleware/host_authorization.rb:82:in `call'
rack-cors (1.1.1) lib/rack/cors.rb:100:in `call'
railties (6.0.3.4) lib/rails/engine.rb:527:in `call'
puma (4.3.7) lib/puma/configuration.rb:228:in `call'
puma (4.3.7) lib/puma/server.rb:713:in `handle_request'
puma (4.3.7) lib/puma/server.rb:472:in `process_client'
puma (4.3.7) lib/puma/server.rb:328:in `block in run'
puma (4.3.7) lib/puma/thread_pool.rb:134:in `block in spawn_thread'
Started GET "/" for ::1 at 2021-02-01 10:01:59 -0600
Started GET "/" for ::1 at 2021-02-01 10:01:59 -0600
  [1m[35m (23.9ms)[0m  [1m[34mSELECT sqlite_version(*)[0m
  [1m[35m (0.2ms)[0m  [1m[34mSELECT sqlite_version(*)[0m
  [1m[35m (0.6ms)[0m  [1m[34mSELECT "schema_migrations"."version" FROM "schema_migrations" ORDER BY "schema_migrations"."version" ASC[0m
Processing by Rails::WelcomeController#index as HTML
  [1m[35m (0.5ms)[0m  [1m[34mSELECT "schema_migrations"."version" FROM "schema_migrations" ORDER BY "schema_migrations"."version" ASC[0m
Processing by Rails::WelcomeController#index as HTML
  Rendering /home/jess/.rvm/gems/ruby-2.6.1/gems/railties-6.0.3.4/lib/rails/templates/rails/welcome/index.html.erb
  Rendering /home/jess/.rvm/gems/ruby-2.6.1/gems/railties-6.0.3.4/lib/rails/templates/rails/welcome/index.html.erb
  Rendered /home/jess/.rvm/gems/ruby-2.6.1/gems/railties-6.0.3.4/lib/rails/templates/rails/welcome/index.html.erb (Duration: 84.2ms | Allocations: 331)
  Rendered /home/jess/.rvm/gems/ruby-2.6.1/gems/railties-6.0.3.4/lib/rails/templates/rails/welcome/index.html.erb (Duration: 59.1ms | Allocations: 227)
Completed 200 OK in 247ms (Views: 172.6ms | ActiveRecord: 0.0ms | Allocations: 2700)


Completed 200 OK in 89ms (Views: 87.8ms | ActiveRecord: 0.0ms | Allocations: 670)


Started GET "/favicon.ico" for ::1 at 2021-02-01 10:02:02 -0600
  
ActionController::RoutingError (No route matches [GET] "/favicon.ico"):
  
actionpack (6.0.3.4) lib/action_dispatch/middleware/debug_exceptions.rb:36:in `call'
actionpack (6.0.3.4) lib/action_dispatch/middleware/show_exceptions.rb:33:in `call'
railties (6.0.3.4) lib/rails/rack/logger.rb:37:in `call_app'
railties (6.0.3.4) lib/rails/rack/logger.rb:26:in `block in call'
activesupport (6.0.3.4) lib/active_support/tagged_logging.rb:80:in `block in tagged'
activesupport (6.0.3.4) lib/active_support/tagged_logging.rb:28:in `tagged'
activesupport (6.0.3.4) lib/active_support/tagged_logging.rb:80:in `tagged'
railties (6.0.3.4) lib/rails/rack/logger.rb:26:in `call'
actionpack (6.0.3.4) lib/action_dispatch/middleware/remote_ip.rb:81:in `call'
actionpack (6.0.3.4) lib/action_dispatch/middleware/request_id.rb:27:in `call'
rack (2.2.3) lib/rack/runtime.rb:22:in `call'
activesupport (6.0.3.4) lib/active_support/cache/strategy/local_cache_middleware.rb:29:in `call'
actionpack (6.0.3.4) lib/action_dispatch/middleware/executor.rb:14:in `call'
actionpack (6.0.3.4) lib/action_dispatch/middleware/static.rb:126:in `call'
rack (2.2.3) lib/rack/sendfile.rb:110:in `call'
actionpack (6.0.3.4) lib/action_dispatch/middleware/host_authorization.rb:82:in `call'
rack-cors (1.1.1) lib/rack/cors.rb:100:in `call'
railties (6.0.3.4) lib/rails/engine.rb:527:in `call'
puma (4.3.7) lib/puma/configuration.rb:228:in `call'
puma (4.3.7) lib/puma/server.rb:713:in `handle_request'
puma (4.3.7) lib/puma/server.rb:472:in `process_client'
puma (4.3.7) lib/puma/server.rb:328:in `block in run'
puma (4.3.7) lib/puma/thread_pool.rb:134:in `block in spawn_thread'
Started GET "/meditations" for ::1 at 2021-02-01 10:02:11 -0600
Processing by MeditationsController#index as HTML
  [1m[36mMeditation Load (0.7ms)[0m  [1m[34mSELECT "meditations".* FROM "meditations"[0m
  ↳ app/controllers/meditations_controller.rb:4:in `index'
Completed 200 OK in 145ms (Views: 15.0ms | ActiveRecord: 2.8ms | Allocations: 6427)


Started GET "/meditations" for ::1 at 2021-02-01 12:59:17 -0600
  [1m[35m (1.3ms)[0m  [1m[34mSELECT sqlite_version(*)[0m
Processing by MeditationsController#index as */*
  [1m[36mMeditation Load (4.0ms)[0m  [1m[34mSELECT "meditations".* FROM "meditations"[0m
  ↳ app/controllers/meditations_controller.rb:4:in `index'
Completed 200 OK in 61ms (Views: 55.8ms | ActiveRecord: 4.0ms | Allocations: 2324)


  [1m[35m (2.3ms)[0m  [1m[34mSELECT sqlite_version(*)[0m
  [1m[35m (0.8ms)[0m  [1m[34mSELECT "schema_migrations"."version" FROM "schema_migrations" ORDER BY "schema_migrations"."version" ASC[0m
Migrating to Change (20210201195530)
  [1m[35m (0.2ms)[0m  [1m[36mbegin transaction[0m
  [1m[35m (6.4ms)[0m  [1m[35mALTER TABLE "ratings" RENAME TO "comments"[0m
  [1m[35m (0.5ms)[0m  [1m[35mCREATE  INDEX "index_comments_on_meditation_id" ON "comments" ("meditation_id")[0m
  [1m[35m (0.6ms)[0m  [1m[35mDROP INDEX "index_ratings_on_meditation_id"[0m
  [1m[36mprimary::SchemaMigration Create (0.6ms)[0m  [1m[32mINSERT INTO "schema_migrations" ("version") VALUES (?)[0m  [["version", "20210201195530"]]
  [1m[35m (17.3ms)[0m  [1m[36mcommit transaction[0m
  [1m[36mActiveRecord::InternalMetadata Load (0.8ms)[0m  [1m[34mSELECT "ar_internal_metadata".* FROM "ar_internal_metadata" WHERE "ar_internal_metadata"."key" = ? LIMIT ?[0m  [["key", "environment"], ["LIMIT", 1]]
  [1m[35m (0.2ms)[0m  [1m[34mSELECT sqlite_version(*)[0m
  [1m[35m (0.8ms)[0m  [1m[34mSELECT "schema_migrations"."version" FROM "schema_migrations" ORDER BY "schema_migrations"."version" ASC[0m
  [1m[35m (23.5ms)[0m  [1m[34mSELECT sqlite_version(*)[0m
  [1m[35m (0.6ms)[0m  [1m[34mSELECT "schema_migrations"."version" FROM "schema_migrations" ORDER BY "schema_migrations"."version" ASC[0m
Migrating to AddContentToMeditations (20210202161306)
  [1m[35m (0.1ms)[0m  [1m[36mbegin transaction[0m
  [1m[35m (2.4ms)[0m  [1m[35mALTER TABLE "meditations" ADD "content" text[0m
  [1m[36mprimary::SchemaMigration Create (0.6ms)[0m  [1m[32mINSERT INTO "schema_migrations" ("version") VALUES (?)[0m  [["version", "20210202161306"]]
  [1m[35m (14.3ms)[0m  [1m[36mcommit transaction[0m
  [1m[36mActiveRecord::InternalMetadata Load (1.0ms)[0m  [1m[34mSELECT "ar_internal_metadata".* FROM "ar_internal_metadata" WHERE "ar_internal_metadata"."key" = ? LIMIT ?[0m  [["key", "environment"], ["LIMIT", 1]]
  [1m[35m (0.2ms)[0m  [1m[34mSELECT sqlite_version(*)[0m
  [1m[35m (0.8ms)[0m  [1m[34mSELECT "schema_migrations"."version" FROM "schema_migrations" ORDER BY "schema_migrations"."version" ASC[0m
  [1m[35m (1.4ms)[0m  [1m[34mSELECT sqlite_version(*)[0m
  [1m[35m (0.5ms)[0m  [1m[34mSELECT "schema_migrations"."version" FROM "schema_migrations" ORDER BY "schema_migrations"."version" ASC[0m
Migrating to FixRatingsName (20210202161527)
  [1m[35m (0.1ms)[0m  [1m[36mbegin transaction[0m
  [1m[35m (0.1ms)[0m  [1m[31mrollback transaction[0m
  [1m[35m (1.2ms)[0m  [1m[34mSELECT sqlite_version(*)[0m
  [1m[35m (0.5ms)[0m  [1m[34mSELECT "schema_migrations"."version" FROM "schema_migrations" ORDER BY "schema_migrations"."version" ASC[0m
Migrating to FixRatingsName (20210202161527)
  [1m[35m (0.1ms)[0m  [1m[36mbegin transaction[0m
  [1m[35m (0.1ms)[0m  [1m[31mrollback transaction[0m
  [1m[35m (1.1ms)[0m  [1m[34mSELECT sqlite_version(*)[0m
  [1m[35m (0.5ms)[0m  [1m[34mSELECT "schema_migrations"."version" FROM "schema_migrations" ORDER BY "schema_migrations"."version" ASC[0m
Migrating to FixRatingsName (20210202161527)
  [1m[35m (0.1ms)[0m  [1m[36mbegin transaction[0m
  [1m[35m (0.1ms)[0m  [1m[35mPRAGMA foreign_keys[0m
  [1m[35m (0.2ms)[0m  [1m[35mPRAGMA defer_foreign_keys[0m
  [1m[35m (0.1ms)[0m  [1m[35mPRAGMA defer_foreign_keys = ON[0m
  [1m[35m (0.2ms)[0m  [1m[35mPRAGMA foreign_keys = OFF[0m
  [1m[35m (0.6ms)[0m  [1m[35mCREATE TEMPORARY TABLE "acomments" ("id" integer NOT NULL PRIMARY KEY, "content" integer DEFAULT NULL, "meditation_id" integer NOT NULL, "created_at" datetime(6) NOT NULL, "updated_at" datetime(6) NOT NULL)[0m
  [1m[35m (0.4ms)[0m  [1m[35mCREATE  INDEX "tindex_acomments_on_meditation_id" ON "acomments" ("meditation_id")[0m
  [1m[35m (0.3ms)[0m  [1m[32mINSERT INTO "acomments" ("id","content","meditation_id","created_at","updated_at")
                     SELECT "id","rating","meditation_id","created_at","updated_at" FROM "comments"[0m
  [1m[35m (2.9ms)[0m  [1m[35mDROP TABLE "comments"[0m
  [1m[35m (0.5ms)[0m  [1m[35mCREATE TABLE "comments" ("id" integer NOT NULL PRIMARY KEY, "content" integer DEFAULT NULL, "meditation_id" integer NOT NULL, "created_at" datetime(6) NOT NULL, "updated_at" datetime(6) NOT NULL, CONSTRAINT "fk_rails_509522b747"
FOREIGN KEY ("meditation_id")
  REFERENCES "meditations" ("id")
)[0m
  [1m[35m (0.7ms)[0m  [1m[35mCREATE  INDEX "index_comments_on_meditation_id" ON "comments" ("meditation_id")[0m
  [1m[35m (0.2ms)[0m  [1m[32mINSERT INTO "comments" ("id","content","meditation_id","created_at","updated_at")
                     SELECT "id","content","meditation_id","created_at","updated_at" FROM "acomments"[0m
  [1m[35m (0.4ms)[0m  [1m[35mDROP TABLE "acomments"[0m
  [1m[35m (0.2ms)[0m  [1m[35mPRAGMA defer_foreign_keys = 0[0m
  [1m[35m (0.1ms)[0m  [1m[35mPRAGMA foreign_keys = 1[0m
  [1m[36mprimary::SchemaMigration Create (0.5ms)[0m  [1m[32mINSERT INTO "schema_migrations" ("version") VALUES (?)[0m  [["version", "20210202161527"]]
  [1m[35m (15.4ms)[0m  [1m[36mcommit transaction[0m
  [1m[36mActiveRecord::InternalMetadata Load (1.0ms)[0m  [1m[34mSELECT "ar_internal_metadata".* FROM "ar_internal_metadata" WHERE "ar_internal_metadata"."key" = ? LIMIT ?[0m  [["key", "environment"], ["LIMIT", 1]]
  [1m[35m (0.1ms)[0m  [1m[34mSELECT sqlite_version(*)[0m
  [1m[35m (0.5ms)[0m  [1m[34mSELECT "schema_migrations"."version" FROM "schema_migrations" ORDER BY "schema_migrations"."version" ASC[0m
Started GET "/meditations" for ::1 at 2021-02-02 13:15:14 -0600
  [1m[35m (2.8ms)[0m  [1m[34mSELECT sqlite_version(*)[0m
  [1m[35m (0.8ms)[0m  [1m[34mSELECT "schema_migrations"."version" FROM "schema_migrations" ORDER BY "schema_migrations"."version" ASC[0m
Processing by MeditationsController#index as HTML
  [1m[36mMeditation Load (0.5ms)[0m  [1m[34mSELECT "meditations".* FROM "meditations"[0m
  ↳ app/controllers/meditations_controller.rb:4:in `index'
Completed 200 OK in 150ms (Views: 17.2ms | ActiveRecord: 2.4ms | Allocations: 7136)


Started GET "/meditations/1" for ::1 at 2021-02-02 13:16:13 -0600
Processing by MeditationsController#show as */*
  Parameters: {"id"=>"1"}
  [1m[36mMeditation Load (1.5ms)[0m  [1m[34mSELECT "meditations".* FROM "meditations" WHERE "meditations"."id" = ? LIMIT ?[0m  [["id", 1], ["LIMIT", 1]]
  ↳ app/controllers/meditations_controller.rb:8:in `show'
Completed 200 OK in 82ms (Views: 2.5ms | ActiveRecord: 1.5ms | Allocations: 2550)


Started GET "/meditations" for ::1 at 2021-02-02 13:16:24 -0600
Processing by MeditationsController#index as */*
  [1m[36mMeditation Load (2.4ms)[0m  [1m[34mSELECT "meditations".* FROM "meditations"[0m
  ↳ app/controllers/meditations_controller.rb:4:in `index'
Completed 200 OK in 32ms (Views: 25.6ms | ActiveRecord: 2.4ms | Allocations: 1527)


Started GET "/meditations" for ::1 at 2021-02-02 13:17:07 -0600
Processing by MeditationsController#index as */*
  [1m[36mMeditation Load (1.3ms)[0m  [1m[34mSELECT "meditations".* FROM "meditations"[0m
  ↳ app/controllers/meditations_controller.rb:4:in `index'
Completed 200 OK in 24ms (Views: 21.0ms | ActiveRecord: 1.3ms | Allocations: 1527)


Started GET "/meditations" for ::1 at 2021-02-02 13:17:13 -0600
Processing by MeditationsController#index as */*
  [1m[36mMeditation Load (1.9ms)[0m  [1m[34mSELECT "meditations".* FROM "meditations"[0m
  ↳ app/controllers/meditations_controller.rb:4:in `index'
Completed 200 OK in 34ms (Views: 31.0ms | ActiveRecord: 1.9ms | Allocations: 1527)


Started GET "/meditations" for ::1 at 2021-02-02 13:20:05 -0600
  [1m[35m (1.9ms)[0m  [1m[34mSELECT sqlite_version(*)[0m
  [1m[35m (0.8ms)[0m  [1m[34mSELECT "schema_migrations"."version" FROM "schema_migrations" ORDER BY "schema_migrations"."version" ASC[0m
Processing by MeditationsController#index as */*
  [1m[36mMeditation Load (0.9ms)[0m  [1m[34mSELECT "meditations".* FROM "meditations"[0m
  ↳ app/controllers/meditations_controller.rb:4:in `index'
Completed 200 OK in 47ms (Views: 34.5ms | ActiveRecord: 3.6ms | Allocations: 7094)


Started GET "/meditations" for ::1 at 2021-02-02 13:23:43 -0600
Processing by MeditationsController#index as */*
  [1m[36mMeditation Load (1.0ms)[0m  [1m[34mSELECT "meditations".* FROM "meditations"[0m
  ↳ app/controllers/meditations_controller.rb:4:in `index'
Completed 200 OK in 22ms (Views: 19.4ms | ActiveRecord: 1.0ms | Allocations: 1527)


Started GET "/meditations" for ::1 at 2021-02-02 13:23:46 -0600
Processing by MeditationsController#index as */*
  [1m[36mMeditation Load (1.7ms)[0m  [1m[34mSELECT "meditations".* FROM "meditations"[0m
  ↳ app/controllers/meditations_controller.rb:4:in `index'
Completed 200 OK in 24ms (Views: 21.0ms | ActiveRecord: 1.7ms | Allocations: 1527)


Started GET "/meditations" for ::1 at 2021-02-02 13:24:05 -0600
Processing by MeditationsController#index as */*
  [1m[36mMeditation Load (2.9ms)[0m  [1m[34mSELECT "meditations".* FROM "meditations"[0m
  ↳ app/controllers/meditations_controller.rb:4:in `index'
Completed 200 OK in 20ms (Views: 15.7ms | ActiveRecord: 2.9ms | Allocations: 1527)


Started GET "/meditations" for ::1 at 2021-02-02 13:24:13 -0600
Processing by MeditationsController#index as */*
  [1m[36mMeditation Load (1.4ms)[0m  [1m[34mSELECT "meditations".* FROM "meditations"[0m
  ↳ app/controllers/meditations_controller.rb:4:in `index'
Completed 200 OK in 36ms (Views: 34.0ms | ActiveRecord: 1.4ms | Allocations: 1527)


Started GET "/meditations" for ::1 at 2021-02-02 13:32:17 -0600
  [1m[35m (0.5ms)[0m  [1m[34mSELECT sqlite_version(*)[0m
Processing by MeditationsController#index as */*
  [1m[36mMeditation Load (3.5ms)[0m  [1m[34mSELECT "meditations".* FROM "meditations"[0m
  ↳ app/controllers/meditations_controller.rb:4:in `index'
Completed 200 OK in 26ms (Views: 21.3ms | ActiveRecord: 3.5ms | Allocations: 1530)


Started GET "/meditations" for ::1 at 2021-02-02 14:20:46 -0600
  [1m[35m (0.2ms)[0m  [1m[34mSELECT sqlite_version(*)[0m
Processing by MeditationsController#index as */*
  [1m[36mMeditation Load (11.8ms)[0m  [1m[34mSELECT "meditations".* FROM "meditations"[0m
  ↳ app/controllers/meditations_controller.rb:4:in `index'
Completed 200 OK in 153ms (Views: 90.9ms | ActiveRecord: 11.8ms | Allocations: 6181)


Started GET "/meditations" for ::1 at 2021-02-02 14:21:05 -0600
Processing by MeditationsController#index as */*
  [1m[36mMeditation Load (21.8ms)[0m  [1m[34mSELECT "meditations".* FROM "meditations"[0m
  ↳ app/controllers/meditations_controller.rb:4:in `index'
Completed 200 OK in 52ms (Views: 28.9ms | ActiveRecord: 21.8ms | Allocations: 1510)


Started GET "/meditations" for ::1 at 2021-02-02 14:21:15 -0600
Processing by MeditationsController#index as */*
  [1m[36mMeditation Load (1.6ms)[0m  [1m[34mSELECT "meditations".* FROM "meditations"[0m
  ↳ app/controllers/meditations_controller.rb:4:in `index'
Completed 200 OK in 22ms (Views: 19.2ms | ActiveRecord: 1.6ms | Allocations: 1510)


Started GET "/meditations" for ::1 at 2021-02-02 14:27:14 -0600
  [1m[35m (0.2ms)[0m  [1m[34mSELECT sqlite_version(*)[0m
Processing by MeditationsController#index as */*
  [1m[36mMeditation Load (4.7ms)[0m  [1m[34mSELECT "meditations".* FROM "meditations"[0m
  ↳ app/controllers/meditations_controller.rb:4:in `index'
Completed 200 OK in 33ms (Views: 27.0ms | ActiveRecord: 4.7ms | Allocations: 1530)


Started GET "/meditations" for ::1 at 2021-02-02 14:29:42 -0600
Processing by MeditationsController#index as */*
  [1m[36mMeditation Load (2.0ms)[0m  [1m[34mSELECT "meditations".* FROM "meditations"[0m
  ↳ app/controllers/meditations_controller.rb:4:in `index'
Completed 200 OK in 14ms (Views: 11.1ms | ActiveRecord: 2.0ms | Allocations: 1510)


Started GET "/meditations" for ::1 at 2021-02-02 14:32:57 -0600
Processing by MeditationsController#index as */*
  [1m[36mMeditation Load (16.1ms)[0m  [1m[34mSELECT "meditations".* FROM "meditations"[0m
  ↳ app/controllers/meditations_controller.rb:4:in `index'
Completed 200 OK in 51ms (Views: 33.3ms | ActiveRecord: 16.1ms | Allocations: 1513)


Started GET "/meditations" for ::1 at 2021-02-02 14:55:41 -0600
  [1m[35m (0.1ms)[0m  [1m[34mSELECT sqlite_version(*)[0m
Processing by MeditationsController#index as */*
  [1m[36mMeditation Load (0.8ms)[0m  [1m[34mSELECT "meditations".* FROM "meditations"[0m
  ↳ app/controllers/meditations_controller.rb:4:in `index'
Completed 200 OK in 34ms (Views: 25.5ms | ActiveRecord: 0.8ms | Allocations: 6181)


Started GET "/meditations" for ::1 at 2021-02-02 14:56:04 -0600
Processing by MeditationsController#index as */*
  [1m[36mMeditation Load (1.1ms)[0m  [1m[34mSELECT "meditations".* FROM "meditations"[0m
  ↳ app/controllers/meditations_controller.rb:4:in `index'
Completed 200 OK in 26ms (Views: 24.1ms | ActiveRecord: 1.1ms | Allocations: 1510)


Started GET "/meditations" for ::1 at 2021-02-02 14:59:37 -0600
Processing by MeditationsController#index as */*
  [1m[36mMeditation Load (1.4ms)[0m  [1m[34mSELECT "meditations".* FROM "meditations"[0m
  ↳ app/controllers/meditations_controller.rb:4:in `index'
Completed 200 OK in 17ms (Views: 14.1ms | ActiveRecord: 1.4ms | Allocations: 1510)


Started GET "/meditations" for ::1 at 2021-02-02 15:00:08 -0600
Processing by MeditationsController#index as */*
  [1m[36mMeditation Load (1.1ms)[0m  [1m[34mSELECT "meditations".* FROM "meditations"[0m
  ↳ app/controllers/meditations_controller.rb:4:in `index'
Completed 200 OK in 16ms (Views: 12.2ms | ActiveRecord: 1.1ms | Allocations: 1510)


Started GET "/meditations" for ::1 at 2021-02-02 15:01:23 -0600
Processing by MeditationsController#index as */*
  [1m[36mMeditation Load (2.6ms)[0m  [1m[34mSELECT "meditations".* FROM "meditations"[0m
  ↳ app/controllers/meditations_controller.rb:4:in `index'
Completed 200 OK in 24ms (Views: 17.1ms | ActiveRecord: 2.6ms | Allocations: 1510)


Started GET "/meditations" for ::1 at 2021-02-02 15:01:32 -0600
Processing by MeditationsController#index as */*
  [1m[36mMeditation Load (2.3ms)[0m  [1m[34mSELECT "meditations".* FROM "meditations"[0m
  ↳ app/controllers/meditations_controller.rb:4:in `index'
Completed 200 OK in 20ms (Views: 17.1ms | ActiveRecord: 2.3ms | Allocations: 1510)


Started GET "/meditations" for ::1 at 2021-02-03 07:06:13 -0600
  [1m[35m (2.2ms)[0m  [1m[34mSELECT sqlite_version(*)[0m
  [1m[35m (1.1ms)[0m  [1m[34mSELECT "schema_migrations"."version" FROM "schema_migrations" ORDER BY "schema_migrations"."version" ASC[0m
Processing by MeditationsController#index as */*
  [1m[36mMeditation Load (0.5ms)[0m  [1m[34mSELECT "meditations".* FROM "meditations"[0m
  ↳ app/controllers/meditations_controller.rb:4:in `index'
Completed 200 OK in 28ms (Views: 17.2ms | ActiveRecord: 2.6ms | Allocations: 7093)


Started GET "/meditations" for ::1 at 2021-02-03 07:07:09 -0600
Processing by MeditationsController#index as */*
  [1m[36mMeditation Load (1.2ms)[0m  [1m[34mSELECT "meditations".* FROM "meditations"[0m
  ↳ app/controllers/meditations_controller.rb:4:in `index'
Completed 200 OK in 31ms (Views: 28.8ms | ActiveRecord: 1.2ms | Allocations: 1527)


Started GET "/meditations" for ::1 at 2021-02-03 07:07:13 -0600
Processing by MeditationsController#index as */*
  [1m[36mMeditation Load (3.8ms)[0m  [1m[34mSELECT "meditations".* FROM "meditations"[0m
  ↳ app/controllers/meditations_controller.rb:4:in `index'
Completed 200 OK in 56ms (Views: 51.2ms | ActiveRecord: 3.8ms | Allocations: 1527)


Started GET "/meditations" for ::1 at 2021-02-03 07:09:18 -0600
Processing by MeditationsController#index as */*
  [1m[36mMeditation Load (3.9ms)[0m  [1m[34mSELECT "meditations".* FROM "meditations"[0m
  ↳ app/controllers/meditations_controller.rb:4:in `index'
Completed 200 OK in 42ms (Views: 31.2ms | ActiveRecord: 3.9ms | Allocations: 1527)


Started GET "/meditations" for ::1 at 2021-02-03 07:09:19 -0600
Processing by MeditationsController#index as */*
  [1m[36mMeditation Load (1.1ms)[0m  [1m[34mSELECT "meditations".* FROM "meditations"[0m
  ↳ app/controllers/meditations_controller.rb:4:in `index'
Completed 200 OK in 116ms (Views: 113.9ms | ActiveRecord: 1.1ms | Allocations: 1530)


Started GET "/meditations" for ::1 at 2021-02-03 07:10:55 -0600
Processing by MeditationsController#index as */*
  [1m[36mMeditation Load (1.6ms)[0m  [1m[34mSELECT "meditations".* FROM "meditations"[0m
  ↳ app/controllers/meditations_controller.rb:4:in `index'
Completed 200 OK in 21ms (Views: 16.9ms | ActiveRecord: 1.6ms | Allocations: 1510)


Started GET "/meditations" for ::1 at 2021-02-03 07:11:00 -0600
Processing by MeditationsController#index as */*
  [1m[36mMeditation Load (1.2ms)[0m  [1m[34mSELECT "meditations".* FROM "meditations"[0m
  ↳ app/controllers/meditations_controller.rb:4:in `index'
Completed 200 OK in 14ms (Views: 11.9ms | ActiveRecord: 1.2ms | Allocations: 1510)


Started GET "/meditations" for ::1 at 2021-02-03 07:11:55 -0600
Processing by MeditationsController#index as */*
  [1m[36mMeditation Load (2.4ms)[0m  [1m[34mSELECT "meditations".* FROM "meditations"[0m
  ↳ app/controllers/meditations_controller.rb:4:in `index'
Completed 200 OK in 22ms (Views: 18.6ms | ActiveRecord: 2.4ms | Allocations: 1510)


Started GET "/meditations" for ::1 at 2021-02-03 07:11:57 -0600
Processing by MeditationsController#index as */*
  [1m[36mMeditation Load (2.2ms)[0m  [1m[34mSELECT "meditations".* FROM "meditations"[0m
  ↳ app/controllers/meditations_controller.rb:4:in `index'
Completed 200 OK in 26ms (Views: 22.5ms | ActiveRecord: 2.2ms | Allocations: 1510)


Started GET "/meditations" for ::1 at 2021-02-03 07:15:06 -0600
Processing by MeditationsController#index as */*
  [1m[36mMeditation Load (1.3ms)[0m  [1m[34mSELECT "meditations".* FROM "meditations"[0m
  ↳ app/controllers/meditations_controller.rb:4:in `index'
Completed 200 OK in 27ms (Views: 18.9ms | ActiveRecord: 1.3ms | Allocations: 1510)


Started GET "/meditations" for ::1 at 2021-02-03 07:15:23 -0600
Processing by MeditationsController#index as */*
  [1m[36mMeditation Load (4.7ms)[0m  [1m[34mSELECT "meditations".* FROM "meditations"[0m
  ↳ app/controllers/meditations_controller.rb:4:in `index'
Completed 200 OK in 18ms (Views: 12.1ms | ActiveRecord: 4.7ms | Allocations: 1510)


Started GET "/meditations" for ::1 at 2021-02-03 07:23:11 -0600
  [1m[35m (0.2ms)[0m  [1m[34mSELECT sqlite_version(*)[0m
Processing by MeditationsController#index as */*
  [1m[36mMeditation Load (1.2ms)[0m  [1m[34mSELECT "meditations".* FROM "meditations"[0m
  ↳ app/controllers/meditations_controller.rb:4:in `index'
Completed 200 OK in 13ms (Views: 10.9ms | ActiveRecord: 1.2ms | Allocations: 1530)


  [1m[35m (28.8ms)[0m  [1m[34mSELECT sqlite_version(*)[0m
  [1m[35m (0.6ms)[0m  [1m[34mSELECT "schema_migrations"."version" FROM "schema_migrations" ORDER BY "schema_migrations"."version" ASC[0m
  [1m[35m (0.2ms)[0m  [1m[34mSELECT sqlite_version(*)[0m
  [1m[36mMeditation Destroy (19.8ms)[0m  [1m[31mDELETE FROM "meditations"[0m
  [1m[35m (0.1ms)[0m  [1m[36mbegin transaction[0m
  [1m[36mMeditation Create (2.2ms)[0m  [1m[32mINSERT INTO "meditations" ("title", "duration", "created_at", "updated_at", "content") VALUES (?, ?, ?, ?, ?)[0m  [["title", "Stress Relief"], ["duration", "3"], ["created_at", "2021-02-03 13:28:18.343157"], ["updated_at", "2021-02-03 13:28:18.343157"], ["content", "Breath/1/2/3/4"]]
  [1m[35m (12.7ms)[0m  [1m[36mcommit transaction[0m
  [1m[35m (0.2ms)[0m  [1m[36mbegin transaction[0m
  [1m[36mMeditation Create (2.1ms)[0m  [1m[32mINSERT INTO "meditations" ("title", "duration", "created_at", "updated_at") VALUES (?, ?, ?, ?)[0m  [["title", "Handling Anxiety"], ["duration", "5"], ["created_at", "2021-02-03 13:28:18.369049"], ["updated_at", "2021-02-03 13:28:18.369049"]]
  [1m[35m (14.3ms)[0m  [1m[36mcommit transaction[0m
  [1m[35m (0.2ms)[0m  [1m[36mbegin transaction[0m
  [1m[36mMeditation Create (2.4ms)[0m  [1m[32mINSERT INTO "meditations" ("title", "duration", "created_at", "updated_at") VALUES (?, ?, ?, ?)[0m  [["title", "Pain Management"], ["duration", "3"], ["created_at", "2021-02-03 13:28:18.397596"], ["updated_at", "2021-02-03 13:28:18.397596"]]
  [1m[35m (14.9ms)[0m  [1m[36mcommit transaction[0m
  [1m[35m (0.2ms)[0m  [1m[36mbegin transaction[0m
  [1m[36mMeditation Create (2.2ms)[0m  [1m[32mINSERT INTO "meditations" ("title", "duration", "created_at", "updated_at") VALUES (?, ?, ?, ?)[0m  [["title", "Affirmations"], ["duration", "3"], ["created_at", "2021-02-03 13:28:18.425419"], ["updated_at", "2021-02-03 13:28:18.425419"]]
  [1m[35m (13.4ms)[0m  [1m[36mcommit transaction[0m
  [1m[35m (0.1ms)[0m  [1m[36mbegin transaction[0m
  [1m[36mMeditation Create (1.9ms)[0m  [1m[32mINSERT INTO "meditations" ("title", "duration", "created_at", "updated_at") VALUES (?, ?, ?, ?)[0m  [["title", "Breathe"], ["duration", "1"], ["created_at", "2021-02-03 13:28:18.451438"], ["updated_at", "2021-02-03 13:28:18.451438"]]
  [1m[35m (11.9ms)[0m  [1m[36mcommit transaction[0m
Started GET "/meditations" for ::1 at 2021-02-03 07:31:36 -0600
  [1m[35m (1.3ms)[0m  [1m[34mSELECT sqlite_version(*)[0m
  [1m[35m (0.5ms)[0m  [1m[34mSELECT "schema_migrations"."version" FROM "schema_migrations" ORDER BY "schema_migrations"."version" ASC[0m
Processing by MeditationsController#index as */*
  [1m[36mMeditation Load (0.6ms)[0m  [1m[34mSELECT "meditations".* FROM "meditations"[0m
  ↳ app/controllers/meditations_controller.rb:4:in `index'
Completed 200 OK in 28ms (Views: 18.3ms | ActiveRecord: 2.4ms | Allocations: 7101)


Started GET "/meditations" for ::1 at 2021-02-03 07:31:54 -0600
Processing by MeditationsController#index as */*
  [1m[36mMeditation Load (1.2ms)[0m  [1m[34mSELECT "meditations".* FROM "meditations"[0m
  ↳ app/controllers/meditations_controller.rb:4:in `index'
Completed 200 OK in 16ms (Views: 13.5ms | ActiveRecord: 1.2ms | Allocations: 1534)


Started GET "/meditations" for ::1 at 2021-02-03 07:32:54 -0600
Processing by MeditationsController#index as */*
  [1m[36mMeditation Load (1.9ms)[0m  [1m[34mSELECT "meditations".* FROM "meditations"[0m
  ↳ app/controllers/meditations_controller.rb:4:in `index'
Completed 200 OK in 126ms (Views: 123.0ms | ActiveRecord: 1.9ms | Allocations: 1534)


Started GET "/meditations" for ::1 at 2021-02-03 07:36:24 -0600
Processing by MeditationsController#index as */*
  [1m[36mMeditation Load (5.0ms)[0m  [1m[34mSELECT "meditations".* FROM "meditations"[0m
  ↳ app/controllers/meditations_controller.rb:4:in `index'
Completed 200 OK in 37ms (Views: 29.2ms | ActiveRecord: 5.0ms | Allocations: 1534)


Started GET "/meditations" for ::1 at 2021-02-03 07:37:02 -0600
Processing by MeditationsController#index as */*
  [1m[36mMeditation Load (1.8ms)[0m  [1m[34mSELECT "meditations".* FROM "meditations"[0m
  ↳ app/controllers/meditations_controller.rb:4:in `index'
Completed 200 OK in 31ms (Views: 28.1ms | ActiveRecord: 1.8ms | Allocations: 1534)


Started GET "/meditations" for ::1 at 2021-02-03 07:37:33 -0600
Processing by MeditationsController#index as */*
  [1m[36mMeditation Load (1.4ms)[0m  [1m[34mSELECT "meditations".* FROM "meditations"[0m
  ↳ app/controllers/meditations_controller.rb:4:in `index'
Completed 200 OK in 32ms (Views: 30.3ms | ActiveRecord: 1.4ms | Allocations: 1517)


Started GET "/meditations" for ::1 at 2021-02-03 07:38:55 -0600
Processing by MeditationsController#index as */*
  [1m[36mMeditation Load (3.9ms)[0m  [1m[34mSELECT "meditations".* FROM "meditations"[0m
  ↳ app/controllers/meditations_controller.rb:4:in `index'
Completed 200 OK in 26ms (Views: 21.3ms | ActiveRecord: 3.9ms | Allocations: 1517)


Started GET "/meditations" for ::1 at 2021-02-03 07:39:09 -0600
Processing by MeditationsController#index as */*
  [1m[36mMeditation Load (1.8ms)[0m  [1m[34mSELECT "meditations".* FROM "meditations"[0m
  ↳ app/controllers/meditations_controller.rb:4:in `index'
Completed 200 OK in 147ms (Views: 143.0ms | ActiveRecord: 1.8ms | Allocations: 1520)


Started GET "/meditations" for ::1 at 2021-02-03 07:41:23 -0600
Processing by MeditationsController#index as */*
  [1m[36mMeditation Load (1.4ms)[0m  [1m[34mSELECT "meditations".* FROM "meditations"[0m
  ↳ app/controllers/meditations_controller.rb:4:in `index'
Completed 200 OK in 20ms (Views: 16.2ms | ActiveRecord: 1.4ms | Allocations: 1519)


Started GET "/meditations" for ::1 at 2021-02-03 07:41:35 -0600
Processing by MeditationsController#index as */*
  [1m[36mMeditation Load (4.0ms)[0m  [1m[34mSELECT "meditations".* FROM "meditations"[0m
  ↳ app/controllers/meditations_controller.rb:4:in `index'
Completed 200 OK in 39ms (Views: 25.3ms | ActiveRecord: 4.0ms | Allocations: 1517)


Started GET "/meditations" for ::1 at 2021-02-03 07:42:23 -0600
Processing by MeditationsController#index as */*
  [1m[36mMeditation Load (1.5ms)[0m  [1m[34mSELECT "meditations".* FROM "meditations"[0m
  ↳ app/controllers/meditations_controller.rb:4:in `index'
Completed 200 OK in 15ms (Views: 12.4ms | ActiveRecord: 1.5ms | Allocations: 1517)


Started GET "/meditations" for ::1 at 2021-02-03 07:42:35 -0600
Processing by MeditationsController#index as */*
  [1m[36mMeditation Load (1.0ms)[0m  [1m[34mSELECT "meditations".* FROM "meditations"[0m
  ↳ app/controllers/meditations_controller.rb:4:in `index'
Completed 200 OK in 11ms (Views: 9.3ms | ActiveRecord: 1.0ms | Allocations: 1517)


Started GET "/meditations" for ::1 at 2021-02-03 07:45:34 -0600
Processing by MeditationsController#index as */*
  [1m[36mMeditation Load (2.4ms)[0m  [1m[34mSELECT "meditations".* FROM "meditations"[0m
  ↳ app/controllers/meditations_controller.rb:4:in `index'
Completed 200 OK in 31ms (Views: 27.2ms | ActiveRecord: 2.4ms | Allocations: 1517)


Started GET "/meditations" for ::1 at 2021-02-03 07:45:39 -0600
Processing by MeditationsController#index as */*
  [1m[36mMeditation Load (1.6ms)[0m  [1m[34mSELECT "meditations".* FROM "meditations"[0m
  ↳ app/controllers/meditations_controller.rb:4:in `index'
Completed 200 OK in 31ms (Views: 28.9ms | ActiveRecord: 1.6ms | Allocations: 1517)


Started GET "/meditations" for ::1 at 2021-02-03 07:45:56 -0600
Processing by MeditationsController#index as */*
  [1m[36mMeditation Load (2.7ms)[0m  [1m[34mSELECT "meditations".* FROM "meditations"[0m
  ↳ app/controllers/meditations_controller.rb:4:in `index'
Completed 200 OK in 71ms (Views: 67.9ms | ActiveRecord: 2.7ms | Allocations: 1517)


Started GET "/meditations" for ::1 at 2021-02-03 07:46:01 -0600
Processing by MeditationsController#index as */*
  [1m[36mMeditation Load (12.6ms)[0m  [1m[34mSELECT "meditations".* FROM "meditations"[0m
  ↳ app/controllers/meditations_controller.rb:4:in `index'
Completed 200 OK in 29ms (Views: 14.0ms | ActiveRecord: 12.6ms | Allocations: 1517)


Started GET "/meditations" for ::1 at 2021-02-03 07:51:03 -0600
Processing by MeditationsController#index as */*
  [1m[36mMeditation Load (1.7ms)[0m  [1m[34mSELECT "meditations".* FROM "meditations"[0m
  ↳ app/controllers/meditations_controller.rb:4:in `index'
Completed 200 OK in 12ms (Views: 8.0ms | ActiveRecord: 1.7ms | Allocations: 1517)


Started GET "/meditations" for ::1 at 2021-02-03 07:51:21 -0600
Processing by MeditationsController#index as */*
  [1m[36mMeditation Load (0.8ms)[0m  [1m[34mSELECT "meditations".* FROM "meditations"[0m
  ↳ app/controllers/meditations_controller.rb:4:in `index'
Completed 200 OK in 9ms (Views: 7.7ms | ActiveRecord: 0.8ms | Allocations: 1517)


Started GET "/meditations" for ::1 at 2021-02-03 07:52:10 -0600
Processing by MeditationsController#index as */*
  [1m[36mMeditation Load (1.5ms)[0m  [1m[34mSELECT "meditations".* FROM "meditations"[0m
  ↳ app/controllers/meditations_controller.rb:4:in `index'
Completed 200 OK in 15ms (Views: 12.6ms | ActiveRecord: 1.5ms | Allocations: 1517)


Started GET "/meditations" for ::1 at 2021-02-03 07:53:39 -0600
Processing by MeditationsController#index as */*
  [1m[36mMeditation Load (0.6ms)[0m  [1m[34mSELECT "meditations".* FROM "meditations"[0m
  ↳ app/controllers/meditations_controller.rb:4:in `index'
Completed 200 OK in 7ms (Views: 6.2ms | ActiveRecord: 0.6ms | Allocations: 1517)


Started GET "/meditations" for ::1 at 2021-02-03 07:54:03 -0600
Processing by MeditationsController#index as */*
  [1m[36mMeditation Load (1.0ms)[0m  [1m[34mSELECT "meditations".* FROM "meditations"[0m
  ↳ app/controllers/meditations_controller.rb:4:in `index'
Completed 200 OK in 15ms (Views: 13.5ms | ActiveRecord: 1.0ms | Allocations: 1517)


Started GET "/meditations" for ::1 at 2021-02-03 07:59:46 -0600
  [1m[35m (1.7ms)[0m  [1m[34mSELECT sqlite_version(*)[0m
Processing by MeditationsController#index as */*
  [1m[36mMeditation Load (3.2ms)[0m  [1m[34mSELECT "meditations".* FROM "meditations"[0m
  ↳ app/controllers/meditations_controller.rb:4:in `index'
Completed 200 OK in 27ms (Views: 18.4ms | ActiveRecord: 3.2ms | Allocations: 1537)


Started GET "/meditations" for ::1 at 2021-02-03 08:00:11 -0600
Processing by MeditationsController#index as */*
  [1m[36mMeditation Load (2.8ms)[0m  [1m[34mSELECT "meditations".* FROM "meditations"[0m
  ↳ app/controllers/meditations_controller.rb:4:in `index'
Completed 200 OK in 33ms (Views: 28.7ms | ActiveRecord: 2.8ms | Allocations: 1517)


Started GET "/meditations" for ::1 at 2021-02-03 08:00:33 -0600
Processing by MeditationsController#index as */*
  [1m[36mMeditation Load (1.6ms)[0m  [1m[34mSELECT "meditations".* FROM "meditations"[0m
  ↳ app/controllers/meditations_controller.rb:4:in `index'
Completed 200 OK in 21ms (Views: 17.4ms | ActiveRecord: 1.6ms | Allocations: 1517)


Started GET "/meditations" for ::1 at 2021-02-03 08:01:10 -0600
Processing by MeditationsController#index as */*
  [1m[36mMeditation Load (1.5ms)[0m  [1m[34mSELECT "meditations".* FROM "meditations"[0m
  ↳ app/controllers/meditations_controller.rb:4:in `index'
Completed 200 OK in 15ms (Views: 13.0ms | ActiveRecord: 1.5ms | Allocations: 1517)


Started GET "/meditations" for ::1 at 2021-02-03 08:01:20 -0600
Processing by MeditationsController#index as */*
  [1m[36mMeditation Load (1.7ms)[0m  [1m[34mSELECT "meditations".* FROM "meditations"[0m
  ↳ app/controllers/meditations_controller.rb:4:in `index'
Completed 200 OK in 18ms (Views: 15.7ms | ActiveRecord: 1.7ms | Allocations: 1517)


Started GET "/meditations" for ::1 at 2021-02-03 08:01:33 -0600
Processing by MeditationsController#index as */*
  [1m[36mMeditation Load (4.0ms)[0m  [1m[34mSELECT "meditations".* FROM "meditations"[0m
  ↳ app/controllers/meditations_controller.rb:4:in `index'
Completed 200 OK in 56ms (Views: 51.0ms | ActiveRecord: 4.0ms | Allocations: 1517)


Started GET "/meditations" for ::1 at 2021-02-03 08:01:52 -0600
Processing by MeditationsController#index as */*
  [1m[36mMeditation Load (1.4ms)[0m  [1m[34mSELECT "meditations".* FROM "meditations"[0m
  ↳ app/controllers/meditations_controller.rb:4:in `index'
Completed 200 OK in 16ms (Views: 13.9ms | ActiveRecord: 1.4ms | Allocations: 1517)


Started GET "/meditations" for ::1 at 2021-02-03 08:02:10 -0600
Processing by MeditationsController#index as */*
  [1m[36mMeditation Load (4.8ms)[0m  [1m[34mSELECT "meditations".* FROM "meditations"[0m
  ↳ app/controllers/meditations_controller.rb:4:in `index'
Completed 200 OK in 39ms (Views: 33.1ms | ActiveRecord: 4.8ms | Allocations: 1517)


Started GET "/meditations" for ::1 at 2021-02-03 08:02:52 -0600
Processing by MeditationsController#index as */*
  [1m[36mMeditation Load (1.7ms)[0m  [1m[34mSELECT "meditations".* FROM "meditations"[0m
  ↳ app/controllers/meditations_controller.rb:4:in `index'
Completed 200 OK in 30ms (Views: 24.3ms | ActiveRecord: 1.7ms | Allocations: 1517)


Started GET "/meditations" for ::1 at 2021-02-03 08:03:16 -0600
Processing by MeditationsController#index as */*
  [1m[36mMeditation Load (1.2ms)[0m  [1m[34mSELECT "meditations".* FROM "meditations"[0m
  ↳ app/controllers/meditations_controller.rb:4:in `index'
Completed 200 OK in 18ms (Views: 15.5ms | ActiveRecord: 1.2ms | Allocations: 1517)


Started GET "/meditations" for ::1 at 2021-02-03 08:11:02 -0600
  [1m[35m (0.2ms)[0m  [1m[34mSELECT sqlite_version(*)[0m
Processing by MeditationsController#index as */*
  [1m[36mMeditation Load (2.9ms)[0m  [1m[34mSELECT "meditations".* FROM "meditations"[0m
  ↳ app/controllers/meditations_controller.rb:4:in `index'
Completed 200 OK in 83ms (Views: 69.0ms | ActiveRecord: 2.9ms | Allocations: 6188)


Started GET "/meditations" for ::1 at 2021-02-03 08:11:16 -0600
Processing by MeditationsController#index as */*
  [1m[36mMeditation Load (1.7ms)[0m  [1m[34mSELECT "meditations".* FROM "meditations"[0m
  ↳ app/controllers/meditations_controller.rb:4:in `index'
Completed 200 OK in 19ms (Views: 16.0ms | ActiveRecord: 1.7ms | Allocations: 1517)


Started GET "/meditations" for ::1 at 2021-02-03 08:14:46 -0600
Processing by MeditationsController#index as */*
  [1m[36mMeditation Load (1.5ms)[0m  [1m[34mSELECT "meditations".* FROM "meditations"[0m
  ↳ app/controllers/meditations_controller.rb:4:in `index'
Completed 200 OK in 12ms (Views: 9.5ms | ActiveRecord: 1.5ms | Allocations: 1517)


Started GET "/meditations" for ::1 at 2021-02-03 08:16:00 -0600
Processing by MeditationsController#index as */*
  [1m[36mMeditation Load (3.1ms)[0m  [1m[34mSELECT "meditations".* FROM "meditations"[0m
  ↳ app/controllers/meditations_controller.rb:4:in `index'
Completed 200 OK in 65ms (Views: 59.0ms | ActiveRecord: 3.1ms | Allocations: 1517)


Started GET "/meditations" for ::1 at 2021-02-03 08:17:42 -0600
Processing by MeditationsController#index as */*
  [1m[36mMeditation Load (2.3ms)[0m  [1m[34mSELECT "meditations".* FROM "meditations"[0m
  ↳ app/controllers/meditations_controller.rb:4:in `index'
Completed 200 OK in 36ms (Views: 29.7ms | ActiveRecord: 2.3ms | Allocations: 1517)


Started GET "/meditations" for ::1 at 2021-02-03 08:18:32 -0600
Processing by MeditationsController#index as */*
  [1m[36mMeditation Load (12.1ms)[0m  [1m[34mSELECT "meditations".* FROM "meditations"[0m
  ↳ app/controllers/meditations_controller.rb:4:in `index'
Completed 200 OK in 49ms (Views: 36.0ms | ActiveRecord: 12.1ms | Allocations: 1517)


Started GET "/meditations" for ::1 at 2021-02-03 08:18:33 -0600
Processing by MeditationsController#index as */*
  [1m[36mMeditation Load (5.0ms)[0m  [1m[34mSELECT "meditations".* FROM "meditations"[0m
  ↳ app/controllers/meditations_controller.rb:4:in `index'
Completed 200 OK in 27ms (Views: 19.7ms | ActiveRecord: 5.0ms | Allocations: 1517)


Started GET "/meditations" for ::1 at 2021-02-03 08:18:41 -0600
Processing by MeditationsController#index as */*
  [1m[36mMeditation Load (3.5ms)[0m  [1m[34mSELECT "meditations".* FROM "meditations"[0m
  ↳ app/controllers/meditations_controller.rb:4:in `index'
Completed 200 OK in 28ms (Views: 17.4ms | ActiveRecord: 3.5ms | Allocations: 1517)


Started GET "/meditations" for ::1 at 2021-02-03 08:18:42 -0600
Processing by MeditationsController#index as */*
  [1m[36mMeditation Load (1.0ms)[0m  [1m[34mSELECT "meditations".* FROM "meditations"[0m
  ↳ app/controllers/meditations_controller.rb:4:in `index'
Completed 200 OK in 31ms (Views: 29.0ms | ActiveRecord: 1.0ms | Allocations: 1517)


Started GET "/meditations" for ::1 at 2021-02-03 08:19:10 -0600
Processing by MeditationsController#index as */*
  [1m[36mMeditation Load (0.8ms)[0m  [1m[34mSELECT "meditations".* FROM "meditations"[0m
  ↳ app/controllers/meditations_controller.rb:4:in `index'
Completed 200 OK in 9ms (Views: 7.4ms | ActiveRecord: 0.8ms | Allocations: 1517)


Started GET "/meditations" for ::1 at 2021-02-03 08:19:18 -0600
Processing by MeditationsController#index as */*
  [1m[36mMeditation Load (0.9ms)[0m  [1m[34mSELECT "meditations".* FROM "meditations"[0m
  ↳ app/controllers/meditations_controller.rb:4:in `index'
Completed 200 OK in 16ms (Views: 13.5ms | ActiveRecord: 0.9ms | Allocations: 1517)


Started GET "/meditations" for ::1 at 2021-02-03 08:19:19 -0600
Processing by MeditationsController#index as */*
  [1m[36mMeditation Load (1.6ms)[0m  [1m[34mSELECT "meditations".* FROM "meditations"[0m
  ↳ app/controllers/meditations_controller.rb:4:in `index'
Completed 200 OK in 20ms (Views: 17.7ms | ActiveRecord: 1.6ms | Allocations: 1517)


Started GET "/meditations" for ::1 at 2021-02-03 08:19:30 -0600
Processing by MeditationsController#index as */*
  [1m[36mMeditation Load (1.0ms)[0m  [1m[34mSELECT "meditations".* FROM "meditations"[0m
  ↳ app/controllers/meditations_controller.rb:4:in `index'
Completed 200 OK in 14ms (Views: 12.1ms | ActiveRecord: 1.0ms | Allocations: 1517)


Started GET "/meditations" for ::1 at 2021-02-03 08:21:11 -0600
Processing by MeditationsController#index as */*
  [1m[36mMeditation Load (1.0ms)[0m  [1m[34mSELECT "meditations".* FROM "meditations"[0m
  ↳ app/controllers/meditations_controller.rb:4:in `index'
Completed 200 OK in 18ms (Views: 15.8ms | ActiveRecord: 1.0ms | Allocations: 1517)


Started GET "/meditations" for ::1 at 2021-02-03 08:21:12 -0600
Processing by MeditationsController#index as */*
  [1m[36mMeditation Load (1.9ms)[0m  [1m[34mSELECT "meditations".* FROM "meditations"[0m
  ↳ app/controllers/meditations_controller.rb:4:in `index'
Completed 200 OK in 37ms (Views: 33.4ms | ActiveRecord: 1.9ms | Allocations: 1517)


Started GET "/meditations" for ::1 at 2021-02-03 08:21:13 -0600
Processing by MeditationsController#index as */*
  [1m[36mMeditation Load (4.4ms)[0m  [1m[34mSELECT "meditations".* FROM "meditations"[0m
  ↳ app/controllers/meditations_controller.rb:4:in `index'
Completed 200 OK in 48ms (Views: 42.2ms | ActiveRecord: 4.4ms | Allocations: 1517)


Started GET "/meditations" for ::1 at 2021-02-03 08:21:22 -0600
Processing by MeditationsController#index as */*
  [1m[36mMeditation Load (2.8ms)[0m  [1m[34mSELECT "meditations".* FROM "meditations"[0m
  ↳ app/controllers/meditations_controller.rb:4:in `index'
Completed 200 OK in 29ms (Views: 24.8ms | ActiveRecord: 2.8ms | Allocations: 1517)


Started GET "/meditations" for ::1 at 2021-02-03 08:21:24 -0600
Processing by MeditationsController#index as */*
  [1m[36mMeditation Load (5.2ms)[0m  [1m[34mSELECT "meditations".* FROM "meditations"[0m
  ↳ app/controllers/meditations_controller.rb:4:in `index'
Completed 200 OK in 29ms (Views: 21.7ms | ActiveRecord: 5.2ms | Allocations: 1517)


Started GET "/meditations" for ::1 at 2021-02-03 08:22:30 -0600
Processing by MeditationsController#index as */*
  [1m[36mMeditation Load (1.5ms)[0m  [1m[34mSELECT "meditations".* FROM "meditations"[0m
  ↳ app/controllers/meditations_controller.rb:4:in `index'
Completed 200 OK in 18ms (Views: 16.3ms | ActiveRecord: 1.5ms | Allocations: 1517)


Started GET "/meditations" for ::1 at 2021-02-03 08:24:31 -0600
Processing by MeditationsController#index as */*
  [1m[36mMeditation Load (2.1ms)[0m  [1m[34mSELECT "meditations".* FROM "meditations"[0m
  ↳ app/controllers/meditations_controller.rb:4:in `index'
Completed 200 OK in 63ms (Views: 59.5ms | ActiveRecord: 2.1ms | Allocations: 1517)


Started GET "/meditations" for ::1 at 2021-02-03 08:25:20 -0600
Processing by MeditationsController#index as */*
  [1m[36mMeditation Load (1.9ms)[0m  [1m[34mSELECT "meditations".* FROM "meditations"[0m
  ↳ app/controllers/meditations_controller.rb:4:in `index'
Completed 200 OK in 32ms (Views: 27.6ms | ActiveRecord: 1.9ms | Allocations: 1517)


Started GET "/meditations" for ::1 at 2021-02-03 08:25:51 -0600
Processing by MeditationsController#index as */*
  [1m[36mMeditation Load (1.0ms)[0m  [1m[34mSELECT "meditations".* FROM "meditations"[0m
  ↳ app/controllers/meditations_controller.rb:4:in `index'
Completed 200 OK in 16ms (Views: 14.7ms | ActiveRecord: 1.0ms | Allocations: 1517)


Started GET "/meditations" for ::1 at 2021-02-03 08:27:19 -0600
Processing by MeditationsController#index as */*
  [1m[36mMeditation Load (1.9ms)[0m  [1m[34mSELECT "meditations".* FROM "meditations"[0m
  ↳ app/controllers/meditations_controller.rb:4:in `index'
Completed 200 OK in 23ms (Views: 20.1ms | ActiveRecord: 1.9ms | Allocations: 1517)


Started GET "/meditations" for ::1 at 2021-02-03 08:27:19 -0600
Processing by MeditationsController#index as */*
  [1m[36mMeditation Load (2.4ms)[0m  [1m[34mSELECT "meditations".* FROM "meditations"[0m
  ↳ app/controllers/meditations_controller.rb:4:in `index'
Completed 200 OK in 72ms (Views: 69.0ms | ActiveRecord: 2.4ms | Allocations: 1520)


Started GET "/meditations" for ::1 at 2021-02-03 08:28:44 -0600
Processing by MeditationsController#index as */*
  [1m[36mMeditation Load (5.4ms)[0m  [1m[34mSELECT "meditations".* FROM "meditations"[0m
  ↳ app/controllers/meditations_controller.rb:4:in `index'
Completed 200 OK in 21ms (Views: 14.1ms | ActiveRecord: 5.4ms | Allocations: 1517)


Started GET "/meditations" for ::1 at 2021-02-03 08:29:43 -0600
Processing by MeditationsController#index as */*
  [1m[36mMeditation Load (4.4ms)[0m  [1m[34mSELECT "meditations".* FROM "meditations"[0m
  ↳ app/controllers/meditations_controller.rb:4:in `index'
Completed 200 OK in 65ms (Views: 60.0ms | ActiveRecord: 4.4ms | Allocations: 1517)


Started GET "/meditations" for ::1 at 2021-02-03 15:26:58 -0600
  [1m[35m (1.8ms)[0m  [1m[34mSELECT sqlite_version(*)[0m
  [1m[35m (0.5ms)[0m  [1m[34mSELECT "schema_migrations"."version" FROM "schema_migrations" ORDER BY "schema_migrations"."version" ASC[0m
Processing by MeditationsController#index as */*
  [1m[36mMeditation Load (0.6ms)[0m  [1m[34mSELECT "meditations".* FROM "meditations"[0m
  ↳ app/controllers/meditations_controller.rb:4:in `index'
Completed 200 OK in 36ms (Views: 23.9ms | ActiveRecord: 3.2ms | Allocations: 7101)


Started GET "/meditations" for ::1 at 2021-02-03 15:30:44 -0600
Processing by MeditationsController#index as */*
  [1m[36mMeditation Load (4.9ms)[0m  [1m[34mSELECT "meditations".* FROM "meditations"[0m
  ↳ app/controllers/meditations_controller.rb:4:in `index'
Completed 200 OK in 50ms (Views: 43.8ms | ActiveRecord: 4.9ms | Allocations: 1534)


Started GET "/meditations" for ::1 at 2021-02-03 15:33:50 -0600
Processing by MeditationsController#index as */*
  [1m[36mMeditation Load (2.6ms)[0m  [1m[34mSELECT "meditations".* FROM "meditations"[0m
  ↳ app/controllers/meditations_controller.rb:4:in `index'
Completed 200 OK in 12ms (Views: 8.5ms | ActiveRecord: 2.6ms | Allocations: 1534)


Started GET "/meditations" for ::1 at 2021-02-03 15:34:27 -0600
Processing by MeditationsController#index as */*
  [1m[36mMeditation Load (1.3ms)[0m  [1m[34mSELECT "meditations".* FROM "meditations"[0m
  ↳ app/controllers/meditations_controller.rb:4:in `index'
Completed 200 OK in 45ms (Views: 38.8ms | ActiveRecord: 1.3ms | Allocations: 1534)


Started GET "/meditations" for ::1 at 2021-02-03 15:35:52 -0600
Processing by MeditationsController#index as */*
  [1m[36mMeditation Load (0.8ms)[0m  [1m[34mSELECT "meditations".* FROM "meditations"[0m
  ↳ app/controllers/meditations_controller.rb:4:in `index'
Completed 200 OK in 7ms (Views: 6.0ms | ActiveRecord: 0.8ms | Allocations: 1534)


Started GET "/meditations" for ::1 at 2021-02-03 15:36:11 -0600
Processing by MeditationsController#index as */*
  [1m[36mMeditation Load (3.7ms)[0m  [1m[34mSELECT "meditations".* FROM "meditations"[0m
  ↳ app/controllers/meditations_controller.rb:4:in `index'
Completed 200 OK in 52ms (Views: 47.4ms | ActiveRecord: 3.7ms | Allocations: 1517)


Started GET "/meditations" for ::1 at 2021-02-03 15:36:19 -0600
Processing by MeditationsController#index as */*
  [1m[36mMeditation Load (1.2ms)[0m  [1m[34mSELECT "meditations".* FROM "meditations"[0m
  ↳ app/controllers/meditations_controller.rb:4:in `index'
Completed 200 OK in 53ms (Views: 50.6ms | ActiveRecord: 1.2ms | Allocations: 1517)


Started GET "/meditations" for ::1 at 2021-02-03 15:47:12 -0600
  [1m[35m (0.5ms)[0m  [1m[34mSELECT sqlite_version(*)[0m
Processing by MeditationsController#index as */*
  [1m[36mMeditation Load (1.9ms)[0m  [1m[34mSELECT "meditations".* FROM "meditations"[0m
  ↳ app/controllers/meditations_controller.rb:4:in `index'
Completed 200 OK in 24ms (Views: 19.2ms | ActiveRecord: 1.9ms | Allocations: 1538)


Started GET "/meditations" for ::1 at 2021-02-03 15:47:15 -0600
Processing by MeditationsController#index as */*
  [1m[36mMeditation Load (2.5ms)[0m  [1m[34mSELECT "meditations".* FROM "meditations"[0m
  ↳ app/controllers/meditations_controller.rb:4:in `index'
Completed 200 OK in 25ms (Views: 22.0ms | ActiveRecord: 2.5ms | Allocations: 1517)


Started GET "/meditations" for ::1 at 2021-02-03 15:47:16 -0600
Processing by MeditationsController#index as */*
  [1m[36mMeditation Load (0.8ms)[0m  [1m[34mSELECT "meditations".* FROM "meditations"[0m
  ↳ app/controllers/meditations_controller.rb:4:in `index'
Completed 200 OK in 13ms (Views: 11.0ms | ActiveRecord: 0.8ms | Allocations: 1517)


Started GET "/meditations" for ::1 at 2021-02-03 15:47:47 -0600
Processing by MeditationsController#index as */*
  [1m[36mMeditation Load (0.9ms)[0m  [1m[34mSELECT "meditations".* FROM "meditations"[0m
  ↳ app/controllers/meditations_controller.rb:4:in `index'
Completed 200 OK in 14ms (Views: 12.3ms | ActiveRecord: 0.9ms | Allocations: 1517)


Started GET "/meditations" for ::1 at 2021-02-03 15:49:59 -0600
Processing by MeditationsController#index as */*
  [1m[36mMeditation Load (2.8ms)[0m  [1m[34mSELECT "meditations".* FROM "meditations"[0m
  ↳ app/controllers/meditations_controller.rb:4:in `index'
Completed 200 OK in 20ms (Views: 15.3ms | ActiveRecord: 2.8ms | Allocations: 1517)


Started GET "/meditations" for ::1 at 2021-02-03 15:50:00 -0600
Processing by MeditationsController#index as */*
  [1m[36mMeditation Load (1.7ms)[0m  [1m[34mSELECT "meditations".* FROM "meditations"[0m
  ↳ app/controllers/meditations_controller.rb:4:in `index'
Completed 200 OK in 48ms (Views: 42.3ms | ActiveRecord: 1.7ms | Allocations: 1517)


Started GET "/meditations" for ::1 at 2021-02-03 15:50:00 -0600
Processing by MeditationsController#index as */*
  [1m[36mMeditation Load (1.4ms)[0m  [1m[34mSELECT "meditations".* FROM "meditations"[0m
  ↳ app/controllers/meditations_controller.rb:4:in `index'
Completed 200 OK in 40ms (Views: 35.7ms | ActiveRecord: 1.4ms | Allocations: 1518)


Started GET "/meditations" for ::1 at 2021-02-03 15:50:59 -0600
Processing by MeditationsController#index as */*
  [1m[36mMeditation Load (4.4ms)[0m  [1m[34mSELECT "meditations".* FROM "meditations"[0m
  ↳ app/controllers/meditations_controller.rb:4:in `index'
Completed 200 OK in 49ms (Views: 42.5ms | ActiveRecord: 4.4ms | Allocations: 1517)


Started GET "/meditations" for ::1 at 2021-02-03 15:51:00 -0600
Processing by MeditationsController#index as */*
  [1m[36mMeditation Load (1.0ms)[0m  [1m[34mSELECT "meditations".* FROM "meditations"[0m
  ↳ app/controllers/meditations_controller.rb:4:in `index'
Completed 200 OK in 18ms (Views: 16.1ms | ActiveRecord: 1.0ms | Allocations: 1517)


Started GET "/meditations" for ::1 at 2021-02-03 15:51:00 -0600
Processing by MeditationsController#index as */*
  [1m[36mMeditation Load (0.9ms)[0m  [1m[34mSELECT "meditations".* FROM "meditations"[0m
  ↳ app/controllers/meditations_controller.rb:4:in `index'
Completed 200 OK in 14ms (Views: 12.5ms | ActiveRecord: 0.9ms | Allocations: 1517)


Started GET "/meditations" for ::1 at 2021-02-03 15:51:46 -0600
Processing by MeditationsController#index as */*
  [1m[36mMeditation Load (1.9ms)[0m  [1m[34mSELECT "meditations".* FROM "meditations"[0m
  ↳ app/controllers/meditations_controller.rb:4:in `index'
Completed 200 OK in 24ms (Views: 21.5ms | ActiveRecord: 1.9ms | Allocations: 1517)


Started GET "/meditations" for ::1 at 2021-02-03 15:52:10 -0600
Processing by MeditationsController#index as */*
  [1m[36mMeditation Load (1.1ms)[0m  [1m[34mSELECT "meditations".* FROM "meditations"[0m
  ↳ app/controllers/meditations_controller.rb:4:in `index'
Completed 200 OK in 12ms (Views: 9.8ms | ActiveRecord: 1.1ms | Allocations: 1517)


Started GET "/meditations" for ::1 at 2021-02-03 16:02:46 -0600
  [1m[35m (0.4ms)[0m  [1m[34mSELECT sqlite_version(*)[0m
Processing by MeditationsController#index as */*
  [1m[36mMeditation Load (1.9ms)[0m  [1m[34mSELECT "meditations".* FROM "meditations"[0m
  ↳ app/controllers/meditations_controller.rb:4:in `index'
Completed 200 OK in 50ms (Views: 45.8ms | ActiveRecord: 1.9ms | Allocations: 1537)


Started GET "/meditations" for ::1 at 2021-02-03 16:03:22 -0600
Processing by MeditationsController#index as */*
  [1m[36mMeditation Load (1.7ms)[0m  [1m[34mSELECT "meditations".* FROM "meditations"[0m
  ↳ app/controllers/meditations_controller.rb:4:in `index'
Completed 200 OK in 21ms (Views: 16.4ms | ActiveRecord: 1.7ms | Allocations: 1517)


Started GET "/meditations" for ::1 at 2021-02-03 16:03:40 -0600
Processing by MeditationsController#index as */*
  [1m[36mMeditation Load (0.6ms)[0m  [1m[34mSELECT "meditations".* FROM "meditations"[0m
  ↳ app/controllers/meditations_controller.rb:4:in `index'
Completed 200 OK in 10ms (Views: 8.6ms | ActiveRecord: 0.6ms | Allocations: 1517)


Started GET "/meditations" for ::1 at 2021-02-03 16:05:18 -0600
Processing by MeditationsController#index as */*
  [1m[36mMeditation Load (1.1ms)[0m  [1m[34mSELECT "meditations".* FROM "meditations"[0m
  ↳ app/controllers/meditations_controller.rb:4:in `index'
Completed 200 OK in 20ms (Views: 17.6ms | ActiveRecord: 1.1ms | Allocations: 1517)


